<?xml version="1.0" encoding="UTF-8"?>
<!-- Generated by org.testng.reporters.JUnitReportReporter -->
<testsuite hostname="Paritosh-PC" failures="0" tests="3" name="testcases.LoginTest" time="166.367" errors="0" timestamp="30 Apr 2023 06:56:14 GMT" skipped="0">
  <testcase classname="testcases.LoginTest" name="test1" time="60.505"/>
  <testcase classname="testcases.LoginTest" name="test2" time="35.174"/>
  <testcase classname="testcases.LoginTest" name="test4" time="70.688"/>
</testsuite> <!-- testcases.LoginTest -->
